<?xml version="1.0" encoding="UTF-8"?>
<!-- Generated by org.testng.reporters.JUnitReportReporter -->
<testsuite hostname="QT-INNO-LT1416" failures="0" tests="1" name="tests.CreateNewParticipation.CreateNewParticipationTests" time="33.974" errors="0" timestamp="2023-05-18T16:08:19 IST" skipped="0">
  <testcase classname="tests.CreateNewParticipation.CreateNewParticipationTests" name="BLP_1510_Proper_fields_are_presented_when_creating_Agriculture_Crop_Production_Loan" time="33.974"/>
  <system-out/>
</testsuite> <!-- tests.CreateNewParticipation.CreateNewParticipationTests -->
